2022-12-06 12:37:35 정보   - Oracle SQL Developer Data Modeler 20.4.0.374.0801
2022-12-06 14:48:45 정보   - Oracle SQL Developer Data Modeler 20.4.0.374.0801
2022-12-07 10:19:09 정보   - Oracle SQL Developer Data Modeler 20.4.0.374.0801
2022-12-08 12:01:58 정보   - Oracle SQL Developer Data Modeler 20.4.0.374.0801
2022-12-09 12:06:07 정보   - Oracle SQL Developer Data Modeler 20.4.0.374.0801
2022-12-12 12:17:43 정보   - Oracle SQL Developer Data Modeler 20.4.0.374.0801
2022-12-12 17:27:40 정보   - Oracle SQL Developer Data Modeler 20.4.0.374.0801
2022-12-13 12:32:11 정보   - Oracle SQL Developer Data Modeler 20.4.0.374.0801
2022-12-13 12:44:17 심각   - ERDEditor.importTable()
java.lang.NullPointerException
	at oracle.dbtools.crest.util.logging.ImportLogger.addError(ImportLogger.java:45)
	at oracle.dbtools.crest.fcp.extension.ExtractionHandlerOracle.generateDesign(ExtractionHandlerOracle.java:220)
	at oracle.dbtools.crest.fcp.ERDEditor.updateTables(ERDEditor.java:431)
	at oracle.dbtools.crest.fcp.ERDEditor.update(ERDEditor.java:264)
	at oracle.dbtools.crest.fcp.ERDEditor.updateEditor(ERDEditor.java:709)
	at oracle.dbtools.crest.model.design.relational.RelationalDesign.updateERDEditors(RelationalDesign.java:3721)
	at oracle.dbtools.crest.fcp.ERDEditor$1.run(ERDEditor.java:188)
	at oracle.dbtools.raptor.controls.UIUtils.runOnEventDispatchThread(UIUtils.java:460)
	at oracle.dbtools.crest.fcp.ERDEditor.handleEvent(ERDEditor.java:183)
	at oracle.ide.controller.IdeAction$ControllerDelegatingController.handleEvent(IdeAction.java:1498)
	at oracle.ide.controller.IdeAction.performAction(IdeAction.java:664)
	at oracle.ide.controller.IdeAction.actionPerformedImpl(IdeAction.java:1169)
	at oracle.ide.controller.IdeAction.actionPerformed(IdeAction.java:619)
	at javax.swing.AbstractButton.fireActionPerformed(AbstractButton.java:2022)
	at javax.swing.AbstractButton$Handler.actionPerformed(AbstractButton.java:2348)
	at javax.swing.DefaultButtonModel.fireActionPerformed(DefaultButtonModel.java:402)
	at javax.swing.DefaultButtonModel.setPressed(DefaultButtonModel.java:259)
	at javax.swing.plaf.basic.BasicButtonListener.mouseReleased(BasicButtonListener.java:262)
	at java.awt.AWTEventMulticaster.mouseReleased(AWTEventMulticaster.java:290)
	at java.awt.Component.processMouseEvent(Component.java:6539)
	at javax.swing.JComponent.processMouseEvent(JComponent.java:3318)
	at java.awt.Component.processEvent(Component.java:6304)
	at java.awt.Container.processEvent(Container.java:2239)
	at java.awt.Component.dispatchEventImpl(Component.java:4889)
	at java.awt.Container.dispatchEventImpl(Container.java:2297)
	at java.awt.Component.dispatchEvent(Component.java:4711)
	at java.awt.LightweightDispatcher.retargetMouseEvent(Container.java:4904)
	at java.awt.LightweightDispatcher.processMouseEvent(Container.java:4535)
	at java.awt.LightweightDispatcher.dispatchEvent(Container.java:4476)
	at java.awt.Container.dispatchEventImpl(Container.java:2283)
	at java.awt.Window.dispatchEventImpl(Window.java:2746)
	at java.awt.Component.dispatchEvent(Component.java:4711)
	at java.awt.EventQueue.dispatchEventImpl(EventQueue.java:760)
	at java.awt.EventQueue.access$500(EventQueue.java:97)
	at java.awt.EventQueue$3.run(EventQueue.java:709)
	at java.awt.EventQueue$3.run(EventQueue.java:703)
	at java.security.AccessController.doPrivileged(Native Method)
	at java.security.ProtectionDomain$JavaSecurityAccessImpl.doIntersectionPrivilege(ProtectionDomain.java:74)
	at java.security.ProtectionDomain$JavaSecurityAccessImpl.doIntersectionPrivilege(ProtectionDomain.java:84)
	at java.awt.EventQueue$4.run(EventQueue.java:733)
	at java.awt.EventQueue$4.run(EventQueue.java:731)
	at java.security.AccessController.doPrivileged(Native Method)
	at java.security.ProtectionDomain$JavaSecurityAccessImpl.doIntersectionPrivilege(ProtectionDomain.java:74)
	at java.awt.EventQueue.dispatchEvent(EventQueue.java:730)
	at oracle.javatools.internal.ui.EventQueueWrapper._dispatchEvent(EventQueueWrapper.java:169)
	at oracle.javatools.internal.ui.EventQueueWrapper.dispatchEvent(EventQueueWrapper.java:151)
	at java.awt.EventDispatchThread.pumpOneEventForFilters(EventDispatchThread.java:205)
	at java.awt.EventDispatchThread.pumpEventsForFilter(EventDispatchThread.java:116)
	at java.awt.EventDispatchThread.pumpEventsForHierarchy(EventDispatchThread.java:105)
	at java.awt.EventDispatchThread.pumpEvents(EventDispatchThread.java:101)
	at java.awt.EventDispatchThread.pumpEvents(EventDispatchThread.java:93)
	at java.awt.EventDispatchThread.run(EventDispatchThread.java:82)
2022-12-16 17:42:14 정보   - Oracle SQL Developer Data Modeler 20.4.0.374.0801
2022-12-16 18:59:27 정보   - Oracle SQL Developer Data Modeler 20.4.0.374.0801
